2025-03-09 18:26:54 - INFO - Starting EmployeePayrollAppApplication using Java 23.0.2 with PID 10344 (C:\Users\deves\Documents\Spring Boot\SpringBoot-Initializer4\EmployeePayrollApp\target\classes started by deves in C:\Users\deves\Documents\Spring Boot\SpringBoot-Initializer4\EmployeePayrollApp)
2025-03-09 18:26:54 - DEBUG - Running with Spring Boot v3.4.3, Spring v6.2.3
2025-03-09 18:26:54 - INFO - No active profile set, falling back to 1 default profile: "default"
2025-03-09 18:26:54 - INFO - Bootstrapping Spring Data JPA repositories in DEFAULT mode.
2025-03-09 18:26:54 - INFO - Finished Spring Data repository scanning in 42 ms. Found 1 JPA repository interface.
2025-03-09 18:26:55 - INFO - Tomcat initialized with port 8080 (http)
2025-03-09 18:26:55 - INFO - Starting service [Tomcat]
2025-03-09 18:26:55 - INFO - Starting Servlet engine: [Apache Tomcat/10.1.36]
2025-03-09 18:26:55 - INFO - Initializing Spring embedded WebApplicationContext
2025-03-09 18:26:55 - INFO - Root WebApplicationContext: initialization completed in 999 ms
2025-03-09 18:26:55 - INFO - HHH000204: Processing PersistenceUnitInfo [name: default]
2025-03-09 18:26:55 - INFO - HHH000412: Hibernate ORM core version 6.6.8.Final
2025-03-09 18:26:55 - INFO - HHH000026: Second-level cache disabled
2025-03-09 18:26:55 - INFO - No LoadTimeWeaver setup: ignoring JPA class transformer
2025-03-09 18:26:55 - INFO - HikariPool-1 - Starting...
2025-03-09 18:26:56 - INFO - HikariPool-1 - Added connection com.mysql.cj.jdbc.ConnectionImpl@485c84d7
2025-03-09 18:26:56 - INFO - HikariPool-1 - Start completed.
2025-03-09 18:26:56 - WARN - HHH90000025: MySQL8Dialect does not need to be specified explicitly using 'hibernate.dialect' (remove the property setting and it will be selected by default)
2025-03-09 18:26:56 - WARN - HHH90000026: MySQL8Dialect has been deprecated; use org.hibernate.dialect.MySQLDialect instead
2025-03-09 18:26:56 - INFO - HHH10001005: Database info:
	Database JDBC URL [Connecting through datasource 'HikariDataSource (HikariPool-1)']
	Database driver: undefined/unknown
	Database version: 8.0
	Autocommit mode: undefined/unknown
	Isolation level: undefined/unknown
	Minimum pool size: undefined/unknown
	Maximum pool size: undefined/unknown
2025-03-09 18:26:56 - INFO - HHH000489: No JTA platform available (set 'hibernate.transaction.jta.platform' to enable JTA platform integration)
2025-03-09 18:26:56 - INFO - Initialized JPA EntityManagerFactory for persistence unit 'default'
2025-03-09 18:26:57 - WARN - spring.jpa.open-in-view is enabled by default. Therefore, database queries may be performed during view rendering. Explicitly configure spring.jpa.open-in-view to disable this warning
2025-03-09 18:26:57 - INFO - Tomcat started on port 8080 (http) with context path '/'
2025-03-09 18:26:57 - INFO - Started EmployeePayrollAppApplication in 3.593 seconds (process running for 4.228)
2025-03-09 18:29:49 - INFO - Commencing graceful shutdown. Waiting for active requests to complete
2025-03-09 18:29:49 - INFO - Graceful shutdown complete
2025-03-09 18:29:49 - INFO - Closing JPA EntityManagerFactory for persistence unit 'default'
2025-03-09 18:29:49 - INFO - HikariPool-1 - Shutdown initiated...
2025-03-09 18:29:49 - INFO - HikariPool-1 - Shutdown completed.
2025-03-09 18:29:52 - INFO - Starting EmployeePayrollAppApplication using Java 23.0.2 with PID 29420 (C:\Users\deves\Documents\Spring Boot\SpringBoot-Initializer4\EmployeePayrollApp\target\classes started by deves in C:\Users\deves\Documents\Spring Boot\SpringBoot-Initializer4\EmployeePayrollApp)
2025-03-09 18:29:52 - DEBUG - Running with Spring Boot v3.4.3, Spring v6.2.3
2025-03-09 18:29:52 - INFO - No active profile set, falling back to 1 default profile: "default"
2025-03-09 18:29:53 - INFO - Bootstrapping Spring Data JPA repositories in DEFAULT mode.
2025-03-09 18:29:53 - INFO - Finished Spring Data repository scanning in 36 ms. Found 1 JPA repository interface.
2025-03-09 18:29:53 - INFO - Tomcat initialized with port 8080 (http)
2025-03-09 18:29:53 - INFO - Starting service [Tomcat]
2025-03-09 18:29:53 - INFO - Starting Servlet engine: [Apache Tomcat/10.1.36]
2025-03-09 18:29:53 - INFO - Initializing Spring embedded WebApplicationContext
2025-03-09 18:29:53 - INFO - Root WebApplicationContext: initialization completed in 870 ms
2025-03-09 18:29:53 - INFO - HHH000204: Processing PersistenceUnitInfo [name: default]
2025-03-09 18:29:53 - INFO - HHH000412: Hibernate ORM core version 6.6.8.Final
2025-03-09 18:29:53 - INFO - HHH000026: Second-level cache disabled
2025-03-09 18:29:53 - INFO - No LoadTimeWeaver setup: ignoring JPA class transformer
2025-03-09 18:29:54 - INFO - HikariPool-1 - Starting...
2025-03-09 18:29:54 - INFO - HikariPool-1 - Added connection com.mysql.cj.jdbc.ConnectionImpl@20faaf77
2025-03-09 18:29:54 - INFO - HikariPool-1 - Start completed.
2025-03-09 18:29:54 - WARN - HHH90000025: MySQL8Dialect does not need to be specified explicitly using 'hibernate.dialect' (remove the property setting and it will be selected by default)
2025-03-09 18:29:54 - WARN - HHH90000026: MySQL8Dialect has been deprecated; use org.hibernate.dialect.MySQLDialect instead
2025-03-09 18:29:54 - INFO - HHH10001005: Database info:
	Database JDBC URL [Connecting through datasource 'HikariDataSource (HikariPool-1)']
	Database driver: undefined/unknown
	Database version: 8.0
	Autocommit mode: undefined/unknown
	Isolation level: undefined/unknown
	Minimum pool size: undefined/unknown
	Maximum pool size: undefined/unknown
2025-03-09 18:29:55 - INFO - HHH000489: No JTA platform available (set 'hibernate.transaction.jta.platform' to enable JTA platform integration)
2025-03-09 18:29:55 - INFO - Initialized JPA EntityManagerFactory for persistence unit 'default'
2025-03-09 18:29:55 - WARN - spring.jpa.open-in-view is enabled by default. Therefore, database queries may be performed during view rendering. Explicitly configure spring.jpa.open-in-view to disable this warning
2025-03-09 18:29:55 - INFO - Tomcat started on port 8080 (http) with context path '/'
2025-03-09 18:29:55 - INFO - Started EmployeePayrollAppApplication in 3.372 seconds (process running for 3.96)
2025-03-09 18:29:55 - INFO - Application has started successfully!
2025-03-09 18:34:22 - INFO - Commencing graceful shutdown. Waiting for active requests to complete
2025-03-09 18:34:22 - INFO - Graceful shutdown complete
2025-03-09 18:34:22 - INFO - Closing JPA EntityManagerFactory for persistence unit 'default'
2025-03-09 18:34:22 - INFO - HikariPool-1 - Shutdown initiated...
2025-03-09 18:34:22 - INFO - HikariPool-1 - Shutdown completed.
