2025-03-09 18:41:19 - [INFO] - Starting EmployeePayrollAppApplication using Java 23.0.2 with PID 12932 (C:\Users\deves\Documents\Spring Boot\SpringBoot-Initializer4\EmployeePayrollApp\target\classes started by deves in C:\Users\deves\Documents\Spring Boot\SpringBoot-Initializer4\EmployeePayrollApp)
2025-03-09 18:41:19 - [INFO] - The following 1 profile is active: "staging"
2025-03-09 18:41:20 - [INFO] - Bootstrapping Spring Data JPA repositories in DEFAULT mode.
2025-03-09 18:41:20 - [INFO] - Finished Spring Data repository scanning in 48 ms. Found 1 JPA repository interface.
2025-03-09 18:41:20 - [INFO] - Tomcat initialized with port 8080 (http)
2025-03-09 18:41:20 - [INFO] - Starting service [Tomcat]
2025-03-09 18:41:20 - [INFO] - Starting Servlet engine: [Apache Tomcat/10.1.36]
2025-03-09 18:41:20 - [INFO] - Initializing Spring embedded WebApplicationContext
2025-03-09 18:41:20 - [INFO] - Root WebApplicationContext: initialization completed in 1127 ms
2025-03-09 18:41:20 - [INFO] - HHH000204: Processing PersistenceUnitInfo [name: default]
2025-03-09 18:41:20 - [INFO] - HHH000412: Hibernate ORM core version 6.6.8.Final
2025-03-09 18:41:20 - [INFO] - HHH000026: Second-level cache disabled
2025-03-09 18:41:21 - [INFO] - No LoadTimeWeaver setup: ignoring JPA class transformer
2025-03-09 18:41:21 - [INFO] - HikariPool-1 - Starting...
2025-03-09 18:41:21 - [INFO] - HikariPool-1 - Added connection com.mysql.cj.jdbc.ConnectionImpl@7cdfa824
2025-03-09 18:41:21 - [INFO] - HikariPool-1 - Start completed.
2025-03-09 18:41:21 - [WARN] - HHH90000025: MySQL8Dialect does not need to be specified explicitly using 'hibernate.dialect' (remove the property setting and it will be selected by default)
2025-03-09 18:41:21 - [WARN] - HHH90000026: MySQL8Dialect has been deprecated; use org.hibernate.dialect.MySQLDialect instead
2025-03-09 18:41:21 - [INFO] - HHH10001005: Database info:
	Database JDBC URL [Connecting through datasource 'HikariDataSource (HikariPool-1)']
	Database driver: undefined/unknown
	Database version: 8.0
	Autocommit mode: undefined/unknown
	Isolation level: undefined/unknown
	Minimum pool size: undefined/unknown
	Maximum pool size: undefined/unknown
2025-03-09 18:41:22 - [INFO] - HHH000489: No JTA platform available (set 'hibernate.transaction.jta.platform' to enable JTA platform integration)
2025-03-09 18:41:22 - [INFO] - Initialized JPA EntityManagerFactory for persistence unit 'default'
2025-03-09 18:41:22 - [WARN] - spring.jpa.open-in-view is enabled by default. Therefore, database queries may be performed during view rendering. Explicitly configure spring.jpa.open-in-view to disable this warning
2025-03-09 18:41:22 - [INFO] - Tomcat started on port 8080 (http) with context path '/'
2025-03-09 18:41:22 - [INFO] - Started EmployeePayrollAppApplication in 4.016 seconds (process running for 4.706)
2025-03-09 18:41:22 - [INFO] - Application has started successfully!
2025-03-09 18:41:44 - [INFO] - Commencing graceful shutdown. Waiting for active requests to complete
2025-03-09 18:41:44 - [INFO] - Graceful shutdown complete
2025-03-09 18:41:44 - [INFO] - Closing JPA EntityManagerFactory for persistence unit 'default'
2025-03-09 18:41:44 - [INFO] - HikariPool-1 - Shutdown initiated...
2025-03-09 18:41:44 - [INFO] - HikariPool-1 - Shutdown completed.
2025-03-09 18:42:27 - [INFO] - Starting EmployeePayrollAppApplication using Java 23.0.2 with PID 29940 (C:\Users\deves\Documents\Spring Boot\SpringBoot-Initializer4\EmployeePayrollApp\target\classes started by deves in C:\Users\deves\Documents\Spring Boot\SpringBoot-Initializer4\EmployeePayrollApp)
2025-03-09 18:42:27 - [INFO] - The following 1 profile is active: "staging"
2025-03-09 18:42:28 - [INFO] - Bootstrapping Spring Data JPA repositories in DEFAULT mode.
2025-03-09 18:42:28 - [INFO] - Finished Spring Data repository scanning in 48 ms. Found 1 JPA repository interface.
2025-03-09 18:42:28 - [INFO] - Tomcat initialized with port 8080 (http)
2025-03-09 18:42:28 - [INFO] - Starting service [Tomcat]
2025-03-09 18:42:28 - [INFO] - Starting Servlet engine: [Apache Tomcat/10.1.36]
2025-03-09 18:42:28 - [INFO] - Initializing Spring embedded WebApplicationContext
2025-03-09 18:42:28 - [INFO] - Root WebApplicationContext: initialization completed in 1139 ms
2025-03-09 18:42:28 - [INFO] - HHH000204: Processing PersistenceUnitInfo [name: default]
2025-03-09 18:42:28 - [INFO] - HHH000412: Hibernate ORM core version 6.6.8.Final
2025-03-09 18:42:28 - [INFO] - HHH000026: Second-level cache disabled
2025-03-09 18:42:29 - [INFO] - No LoadTimeWeaver setup: ignoring JPA class transformer
2025-03-09 18:42:29 - [INFO] - HikariPool-1 - Starting...
2025-03-09 18:42:29 - [INFO] - HikariPool-1 - Added connection com.mysql.cj.jdbc.ConnectionImpl@6c70b7c3
2025-03-09 18:42:29 - [INFO] - HikariPool-1 - Start completed.
2025-03-09 18:42:29 - [WARN] - HHH90000025: MySQL8Dialect does not need to be specified explicitly using 'hibernate.dialect' (remove the property setting and it will be selected by default)
2025-03-09 18:42:29 - [WARN] - HHH90000026: MySQL8Dialect has been deprecated; use org.hibernate.dialect.MySQLDialect instead
2025-03-09 18:42:29 - [INFO] - HHH10001005: Database info:
	Database JDBC URL [Connecting through datasource 'HikariDataSource (HikariPool-1)']
	Database driver: undefined/unknown
	Database version: 8.0
	Autocommit mode: undefined/unknown
	Isolation level: undefined/unknown
	Minimum pool size: undefined/unknown
	Maximum pool size: undefined/unknown
2025-03-09 18:42:30 - [INFO] - HHH000489: No JTA platform available (set 'hibernate.transaction.jta.platform' to enable JTA platform integration)
2025-03-09 18:42:30 - [INFO] - Initialized JPA EntityManagerFactory for persistence unit 'default'
2025-03-09 18:42:30 - [WARN] - spring.jpa.open-in-view is enabled by default. Therefore, database queries may be performed during view rendering. Explicitly configure spring.jpa.open-in-view to disable this warning
2025-03-09 18:42:30 - [INFO] - Tomcat started on port 8080 (http) with context path '/'
2025-03-09 18:42:30 - [INFO] - Started EmployeePayrollAppApplication in 4.016 seconds (process running for 4.668)
2025-03-09 18:42:30 - [INFO] - Application has started successfully!
2025-03-09 18:43:09 - [INFO] - Initializing Spring DispatcherServlet 'dispatcherServlet'
2025-03-09 18:43:09 - [INFO] - Initializing Servlet 'dispatcherServlet'
2025-03-09 18:43:09 - [INFO] - Completed initialization in 1 ms
2025-03-09 18:43:09 - [INFO] - Fetching employee with ID: 2
2025-03-09 18:43:09 - [INFO] - Fetching employee with ID: 2
2025-03-09 18:43:15 - [INFO] - Commencing graceful shutdown. Waiting for active requests to complete
2025-03-09 18:43:15 - [INFO] - Graceful shutdown complete
2025-03-09 18:43:15 - [INFO] - Closing JPA EntityManagerFactory for persistence unit 'default'
2025-03-09 18:43:15 - [INFO] - HikariPool-1 - Shutdown initiated...
2025-03-09 18:43:15 - [INFO] - HikariPool-1 - Shutdown completed.
